171024 12:43:29:99 Current Dir:E:\neoe\oss\lab\lab0\GAME\neoe-sc2-bot\sc2-protobuf-java
171024 12:43:29:99 user default project name:sc2-protobuf-java
171024 12:43:29:114 found latest JDK:C:\Program Files\Java\jdk-9
171024 12:43:29:130 total [sc2-protobuf-java]
171024 12:43:29:130 Turn [1] start 1 projects [sc2-protobuf-java]
171024 12:43:29:130 sc2-protobuf-java start
171024 12:43:29:208 sc2-protobuf-java:javac files (157)
171024 12:43:29:208 [I]sc2-protobuf-java:Exec:[C:\Program Files\Java\jdk-9/bin/javac.exe, -d, E:\neoe\oss\lab\lab0\GAME\neoe-sc2-bot\sc2-protobuf-java\build, -encoding, utf-8, -source, 8, -sourcepath, E:\neoe\oss\lab\lab0\GAME\neoe-sc2-bot\sc2-protobuf-java/src, -target, 8, -cp, "E:\neoe\oss\lab\lab0\GAME\neoe-sc2-bot\sc2-protobuf-java\lib\guava-23.0.jar";"E:\neoe\oss\lab\lab0\GAME\neoe-sc2-bot\sc2-protobuf-java\lib\gson-2.8.2.jar", @C:\Users\neoe\AppData\Local\Temp\filelist862375444645534390.tmp]
stderr> 警告: [options] 未与 -source 1.8 一起设置引导类路径
stderr> E:\neoe\oss\lab\lab0\GAME\neoe-sc2-bot\sc2-protobuf-java\src\com\google\protobuf\UnsafeUtil.java:45: 警告: Unsafe是内部专用 API, 可能会在未来发行版中删除
stderr>   private static final sun.misc.Unsafe UNSAFE = getUnsafe();
stderr>                                ^
stderr> E:\neoe\oss\lab\lab0\GAME\neoe-sc2-bot\sc2-protobuf-java\src\com\google\protobuf\UnsafeUtil.java:273: 警告: Unsafe是内部专用 API, 可能会在未来发行版中删除
stderr>   private static sun.misc.Unsafe getUnsafe() {
stderr>                          ^
stderr> E:\neoe\oss\lab\lab0\GAME\neoe-sc2-bot\sc2-protobuf-java\src\com\google\protobuf\UnsafeUtil.java:274: 警告: Unsafe是内部专用 API, 可能会在未来发行版中删除
stderr>     sun.misc.Unsafe unsafe = null;
stderr>             ^
stderr> E:\neoe\oss\lab\lab0\GAME\neoe-sc2-bot\sc2-protobuf-java\src\com\google\protobuf\UnsafeUtil.java:278: 警告: Unsafe是内部专用 API, 可能会在未来发行版中删除
stderr>               new PrivilegedExceptionAction<sun.misc.Unsafe>() {
stderr>                                                     ^
stderr> E:\neoe\oss\lab\lab0\GAME\neoe-sc2-bot\sc2-protobuf-java\src\com\google\protobuf\UnsafeUtil.java:280: 警告: Unsafe是内部专用 API, 可能会在未来发行版中删除
stderr>                 public sun.misc.Unsafe run() throws Exception {
stderr>                                ^
stderr> E:\neoe\oss\lab\lab0\GAME\neoe-sc2-bot\sc2-protobuf-java\src\com\google\protobuf\UnsafeUtil.java:281: 警告: Unsafe是内部专用 API, 可能会在未来发行版中删除
stderr>                   Class<sun.misc.Unsafe> k = sun.misc.Unsafe.class;
stderr>                                 ^
stderr> E:\neoe\oss\lab\lab0\GAME\neoe-sc2-bot\sc2-protobuf-java\src\com\google\protobuf\UnsafeUtil.java:281: 警告: Unsafe是内部专用 API, 可能会在未来发行版中删除
stderr>                   Class<sun.misc.Unsafe> k = sun.misc.Unsafe.class;
stderr>                                                      ^
stderr> E:\neoe\oss\lab\lab0\GAME\neoe-sc2-bot\sc2-protobuf-java\src\com\google\protobuf\UnsafeUtil.java:411: 警告: Unsafe是内部专用 API, 可能会在未来发行版中删除
stderr>     sun.misc.Unsafe unsafe;
stderr>             ^
stderr> E:\neoe\oss\lab\lab0\GAME\neoe-sc2-bot\sc2-protobuf-java\src\com\google\protobuf\UnsafeUtil.java:413: 警告: Unsafe是内部专用 API, 可能会在未来发行版中删除
stderr>     MemoryAccessor(sun.misc.Unsafe unsafe) {
stderr>                            ^
stderr> E:\neoe\oss\lab\lab0\GAME\neoe-sc2-bot\sc2-protobuf-java\src\com\google\protobuf\UnsafeUtil.java:492: 警告: Unsafe是内部专用 API, 可能会在未来发行版中删除
stderr>     JvmMemoryAccessor(sun.misc.Unsafe unsafe) {
stderr>                               ^
stderr> 注: 某些输入文件使用或覆盖了已过时的 API。
stderr> 注: 有关详细信息, 请使用 -Xlint:deprecation 重新编译。
stderr> 注: E:\neoe\oss\lab\lab0\GAME\neoe-sc2-bot\sc2-protobuf-java\src\com\google\protobuf\AbstractMessageLite.java使用了未经检查或不安全的操作。
stderr> 注: 有关详细信息, 请使用 -Xlint:unchecked 重新编译。
stderr> 11 个警告
171024 12:43:48:867 sc2-protobuf-java:copy 0 resources
171024 12:43:48:883 [I]sc2-protobuf-java:Exec:[C:\Program Files\Java\jdk-9/bin/jar.exe, cf, E:\neoe\oss\lab\lab0\GAME\neoe-sc2-bot\sc2-protobuf-java\dist\sc2-protobuf-java.jar, -C, E:\neoe\oss\lab\lab0\GAME\neoe-sc2-bot\sc2-protobuf-java\build, .]
171024 12:43:49:712 Turn [1] finish
171024 12:43:49:712 program end. in 20,582 ms, javac(compiled):157, copy:0(0 bytes), jar:1, java(exec):0.
